2016-12-02 20:17:31,494 [Worker-174] INFO  c.n.h.c.p.n.NettyAsyncHttpProvider - Number of application's worked threads is 8
2016-12-02 20:17:32,571 [New I/O client worker #1-1] INFO  o.e.m.c.i.e.AbstractTransferListenerAdapter - Downloading http://repo.maven.apache.org/maven2/net/sourceforge/jexcelapi/jxl/2.6.12/jxl-2.6.12-sources.jar
2016-12-02 20:17:37,157 [New I/O client worker #1-1] INFO  o.e.m.c.i.e.AbstractTransferListenerAdapter - Downloaded http://repo.maven.apache.org/maven2/net/sourceforge/jexcelapi/jxl/2.6.12/jxl-2.6.12-sources.jar
2017-02-10 14:35:02,716 [Worker-247] INFO  c.n.h.c.p.n.NettyAsyncHttpProvider - Number of application's worked threads is 8
2017-02-10 14:35:17,310 [New I/O client boss #1] INFO  o.e.m.c.i.e.AbstractTransferListenerAdapter - Downloaded http://repo.maven.apache.org/maven2/org/xerial/sqlite-jdbc/3.8.6/sqlite-jdbc-3.8.6-sources.jar
2017-02-14 12:09:24,498 [Worker-89] INFO  c.n.h.c.p.n.NettyAsyncHttpProvider - Number of application's worked threads is 8
2017-02-14 12:09:25,738 [New I/O client worker #1-1] INFO  o.e.m.c.i.e.AbstractTransferListenerAdapter - Downloading http://repo.maven.apache.org/maven2/com/microsoft/azure/azure-storage/4.0.0/azure-storage-4.0.0-sources.jar
2017-02-14 12:09:28,588 [New I/O client worker #1-1] INFO  o.e.m.c.i.e.AbstractTransferListenerAdapter - Downloaded http://repo.maven.apache.org/maven2/com/microsoft/azure/azure-storage/4.0.0/azure-storage-4.0.0-sources.jar
2017-03-14 16:35:26,608 [Worker-99] INFO  c.n.h.c.p.n.NettyAsyncHttpProvider - Number of application's worked threads is 8
2017-03-14 16:35:37,593 [New I/O client boss #1] INFO  o.e.m.c.i.e.AbstractTransferListenerAdapter - Downloaded http://repo.maven.apache.org/maven2/commons-io/commons-io/2.4/commons-io-2.4-sources.jar
2017-08-01 19:32:03,883 [Worker-106] INFO  c.n.h.c.p.n.NettyAsyncHttpProvider - Number of application's worked threads is 8
2017-08-01 19:32:10,736 [New I/O client worker #1-1] INFO  o.e.m.c.i.e.AbstractTransferListenerAdapter - Downloaded http://repo.maven.apache.org/maven2/mysql/mysql-connector-java/5.1.18/mysql-connector-java-5.1.18-sources.jar
2017-08-01 22:18:30,529 [Worker-204] INFO  c.n.h.c.p.n.NettyAsyncHttpProvider - Number of application's worked threads is 8
2017-08-01 22:18:42,547 [Worker-204] INFO  o.e.m.c.i.e.AbstractTransferListenerAdapter - Downloaded http://repo.maven.apache.org/maven2/org/jdatepicker/jdatepicker/1.3.4/jdatepicker-1.3.4-sources.jar
2017-08-15 20:05:33,705 [Worker-1] INFO  c.g.t.t.d.PublishedGradleVersions - Gradle version information cache is not available. Remote download required.
2017-08-16 13:58:09,118 [Worker-5] INFO  c.g.t.t.d.PublishedGradleVersions - Gradle version information cache is up-to-date. Trying to read.
2017-08-18 18:45:53,417 [Worker-2] INFO  c.g.t.t.d.PublishedGradleVersions - Gradle version information cache is out-of-date. Trying to update.
2017-08-21 18:48:10,268 [Worker-14] INFO  c.g.t.t.d.PublishedGradleVersions - Gradle version information cache is out-of-date. Trying to update.
2017-08-22 08:34:03,073 [Worker-3] INFO  c.g.t.t.d.PublishedGradleVersions - Gradle version information cache is up-to-date. Trying to read.
2017-08-23 08:44:40,260 [Worker-5] INFO  c.g.t.t.d.PublishedGradleVersions - Gradle version information cache is out-of-date. Trying to update.
2017-08-23 08:44:53,510 [Worker-5] INFO  c.g.t.t.d.PublishedGradleVersions - Updating Gradle version information cache failed. Using outdated cache.
2017-08-23 21:50:46,527 [Worker-2] INFO  c.g.t.t.d.PublishedGradleVersions - Gradle version information cache is out-of-date. Trying to update.
2017-08-24 08:45:47,728 [Worker-7] INFO  c.g.t.t.d.PublishedGradleVersions - Gradle version information cache is up-to-date. Trying to read.
2017-08-25 08:35:15,225 [Worker-2] INFO  c.g.t.t.d.PublishedGradleVersions - Gradle version information cache is out-of-date. Trying to update.
2017-08-25 08:35:29,406 [Worker-2] INFO  c.g.t.t.d.PublishedGradleVersions - Updating Gradle version information cache failed. Using outdated cache.
2017-08-26 11:24:31,760 [Worker-0] INFO  c.g.t.t.d.PublishedGradleVersions - Gradle version information cache is out-of-date. Trying to update.
2017-08-28 08:40:59,923 [Worker-3] INFO  c.g.t.t.d.PublishedGradleVersions - Gradle version information cache is out-of-date. Trying to update.
2017-08-28 08:41:15,246 [Worker-3] INFO  c.g.t.t.d.PublishedGradleVersions - Updating Gradle version information cache failed. Using outdated cache.
2017-08-29 09:48:02,826 [Worker-3] INFO  c.g.t.t.d.PublishedGradleVersions - Gradle version information cache is out-of-date. Trying to update.
2017-08-29 09:48:18,183 [Worker-3] INFO  c.g.t.t.d.PublishedGradleVersions - Updating Gradle version information cache failed. Using outdated cache.
2017-08-31 11:34:30,833 [Worker-6] INFO  c.g.t.t.d.PublishedGradleVersions - Gradle version information cache is out-of-date. Trying to update.
2017-08-31 11:34:45,157 [Worker-6] INFO  c.g.t.t.d.PublishedGradleVersions - Updating Gradle version information cache failed. Using outdated cache.
2017-09-12 15:47:48,583 [Worker-2] INFO  c.g.t.t.d.PublishedGradleVersions - Gradle version information cache is out-of-date. Trying to update.
2017-09-12 15:48:02,664 [Worker-2] INFO  c.g.t.t.d.PublishedGradleVersions - Updating Gradle version information cache failed. Using outdated cache.
2017-09-12 19:25:07,522 [Worker-1] INFO  c.g.t.t.d.PublishedGradleVersions - Gradle version information cache is out-of-date. Trying to update.
2017-09-13 09:17:55,931 [Worker-1] INFO  c.g.t.t.d.PublishedGradleVersions - Gradle version information cache is up-to-date. Trying to read.
2017-09-14 08:32:21,255 [Worker-3] INFO  c.g.t.t.d.PublishedGradleVersions - Gradle version information cache is out-of-date. Trying to update.
2017-09-14 08:32:32,362 [Worker-3] INFO  c.g.t.t.d.PublishedGradleVersions - Updating Gradle version information cache failed. Using outdated cache.
2017-09-15 22:11:06,310 [Worker-4] INFO  c.g.t.t.d.PublishedGradleVersions - Gradle version information cache is out-of-date. Trying to update.
2017-09-15 22:11:06,950 [Worker-4] INFO  c.g.t.t.d.PublishedGradleVersions - Updating Gradle version information cache failed. Using outdated cache.
2017-09-16 19:26:01,189 [Worker-4] INFO  c.g.t.t.d.PublishedGradleVersions - Gradle version information cache is out-of-date. Trying to update.
2017-09-18 11:24:38,622 [Worker-0] INFO  c.g.t.t.d.PublishedGradleVersions - Gradle version information cache is out-of-date. Trying to update.
2017-09-18 11:24:51,321 [Worker-0] INFO  c.g.t.t.d.PublishedGradleVersions - Updating Gradle version information cache failed. Using outdated cache.
2017-09-19 10:44:49,320 [Worker-5] INFO  c.g.t.t.d.PublishedGradleVersions - Gradle version information cache is out-of-date. Trying to update.
2017-09-19 10:45:04,541 [Worker-5] INFO  c.g.t.t.d.PublishedGradleVersions - Updating Gradle version information cache failed. Using outdated cache.
2017-09-19 20:51:23,649 [Worker-3] INFO  c.g.t.t.d.PublishedGradleVersions - Gradle version information cache is out-of-date. Trying to update.
2017-09-22 09:38:57,669 [Worker-3] INFO  c.g.t.t.d.PublishedGradleVersions - Gradle version information cache is out-of-date. Trying to update.
2017-09-22 09:39:12,174 [Worker-3] INFO  c.g.t.t.d.PublishedGradleVersions - Updating Gradle version information cache failed. Using outdated cache.
2017-09-28 14:31:32,614 [Worker-1] INFO  c.g.t.t.d.PublishedGradleVersions - Gradle version information cache is out-of-date. Trying to update.
2017-09-28 14:31:46,208 [Worker-1] INFO  c.g.t.t.d.PublishedGradleVersions - Updating Gradle version information cache failed. Using outdated cache.
2017-10-04 13:47:40,783 [Worker-3] INFO  c.g.t.t.d.PublishedGradleVersions - Gradle version information cache is out-of-date. Trying to update.
2017-10-04 13:48:16,009 [Worker-3] INFO  c.g.t.t.d.PublishedGradleVersions - Updating Gradle version information cache failed. Using outdated cache.
2017-10-23 22:48:48,638 [Worker-0] INFO  c.g.t.t.d.PublishedGradleVersions - Gradle version information cache is out-of-date. Trying to update.
2017-10-24 12:29:03,689 [Worker-0] INFO  c.g.t.t.d.PublishedGradleVersions - Gradle version information cache is up-to-date. Trying to read.
2017-10-24 18:49:33,635 [Worker-6] INFO  c.g.t.t.d.PublishedGradleVersions - Gradle version information cache is up-to-date. Trying to read.
2017-10-25 12:05:45,633 [Worker-3] INFO  c.g.t.t.d.PublishedGradleVersions - Gradle version information cache is out-of-date. Trying to update.
2017-10-25 12:06:01,436 [Worker-3] INFO  c.g.t.t.d.PublishedGradleVersions - Updating Gradle version information cache failed. Using outdated cache.
2017-10-27 09:27:35,103 [Worker-3] INFO  c.g.t.t.d.PublishedGradleVersions - Gradle version information cache is out-of-date. Trying to update.
2017-10-27 09:27:48,494 [Worker-3] INFO  c.g.t.t.d.PublishedGradleVersions - Updating Gradle version information cache failed. Using outdated cache.
2017-10-30 11:21:31,709 [Worker-6] INFO  c.g.t.t.d.PublishedGradleVersions - Gradle version information cache is out-of-date. Trying to update.
2017-10-30 11:21:45,899 [Worker-6] INFO  c.g.t.t.d.PublishedGradleVersions - Updating Gradle version information cache failed. Using outdated cache.
2017-10-30 12:08:10,725 [Worker-1] INFO  c.g.t.t.d.PublishedGradleVersions - Gradle version information cache is out-of-date. Trying to update.
2017-10-30 12:08:22,362 [Worker-1] INFO  c.g.t.t.d.PublishedGradleVersions - Updating Gradle version information cache failed. Using outdated cache.
2017-10-31 11:21:59,039 [Worker-6] INFO  c.g.t.t.d.PublishedGradleVersions - Gradle version information cache is out-of-date. Trying to update.
2017-10-31 11:22:13,150 [Worker-6] INFO  c.g.t.t.d.PublishedGradleVersions - Updating Gradle version information cache failed. Using outdated cache.
2017-11-02 09:38:50,378 [Worker-0] INFO  c.g.t.t.d.PublishedGradleVersions - Gradle version information cache is out-of-date. Trying to update.
2017-11-02 09:39:04,855 [Worker-0] INFO  c.g.t.t.d.PublishedGradleVersions - Updating Gradle version information cache failed. Using outdated cache.
2017-11-04 15:25:06,226 [Worker-0] INFO  c.g.t.t.d.PublishedGradleVersions - Gradle version information cache is out-of-date. Trying to update.
2017-11-06 11:03:56,302 [Worker-1] INFO  c.g.t.t.d.PublishedGradleVersions - Gradle version information cache is out-of-date. Trying to update.
2017-11-06 11:04:11,117 [Worker-1] INFO  c.g.t.t.d.PublishedGradleVersions - Updating Gradle version information cache failed. Using outdated cache.
2017-11-16 20:26:14,381 [Worker-1] INFO  c.g.t.t.d.PublishedGradleVersions - Gradle version information cache is out-of-date. Trying to update.
2017-11-17 15:04:34,007 [Worker-5] INFO  c.g.t.t.d.PublishedGradleVersions - Gradle version information cache is up-to-date. Trying to read.
2017-11-23 11:30:53,523 [Worker-6] INFO  c.g.t.t.d.PublishedGradleVersions - Gradle version information cache is out-of-date. Trying to update.
2017-11-23 11:31:07,517 [Worker-6] INFO  c.g.t.t.d.PublishedGradleVersions - Updating Gradle version information cache failed. Using outdated cache.
2017-11-29 14:10:36,771 [Worker-5] INFO  c.g.t.t.d.PublishedGradleVersions - Gradle version information cache is out-of-date. Trying to update.
2017-11-29 14:10:51,099 [Worker-5] INFO  c.g.t.t.d.PublishedGradleVersions - Updating Gradle version information cache failed. Using outdated cache.
2017-11-30 10:24:42,541 [Worker-0] INFO  c.g.t.t.d.PublishedGradleVersions - Gradle version information cache is out-of-date. Trying to update.
2017-11-30 10:24:56,183 [Worker-0] INFO  c.g.t.t.d.PublishedGradleVersions - Updating Gradle version information cache failed. Using outdated cache.
2017-12-01 10:26:31,554 [Worker-0] INFO  c.g.t.t.d.PublishedGradleVersions - Gradle version information cache is out-of-date. Trying to update.
2017-12-01 10:26:46,454 [Worker-0] INFO  c.g.t.t.d.PublishedGradleVersions - Updating Gradle version information cache failed. Using outdated cache.
2017-12-04 09:46:40,986 [Worker-3] INFO  c.g.t.t.d.PublishedGradleVersions - Gradle version information cache is out-of-date. Trying to update.
2017-12-04 09:46:55,038 [Worker-3] INFO  c.g.t.t.d.PublishedGradleVersions - Updating Gradle version information cache failed. Using outdated cache.
2017-12-06 19:19:05,146 [Worker-0] INFO  c.g.t.t.d.PublishedGradleVersions - Gradle version information cache is out-of-date. Trying to update.
2017-12-07 12:05:24,208 [Worker-1] INFO  c.g.t.t.d.PublishedGradleVersions - Gradle version information cache is up-to-date. Trying to read.
2017-12-13 11:27:46,831 [Worker-3] INFO  c.g.t.t.d.PublishedGradleVersions - Gradle version information cache is out-of-date. Trying to update.
2017-12-13 11:28:01,231 [Worker-3] INFO  c.g.t.t.d.PublishedGradleVersions - Updating Gradle version information cache failed. Using outdated cache.
2017-12-13 20:57:46,025 [Worker-2] INFO  c.g.t.t.d.PublishedGradleVersions - Gradle version information cache is out-of-date. Trying to update.
2017-12-14 11:44:23,740 [Worker-6] INFO  c.g.t.t.d.PublishedGradleVersions - Gradle version information cache is up-to-date. Trying to read.
2017-12-16 09:54:42,161 [Worker-4] INFO  c.g.t.t.d.PublishedGradleVersions - Gradle version information cache is out-of-date. Trying to update.
2017-12-20 08:46:47,274 [Worker-1] INFO  c.g.t.t.d.PublishedGradleVersions - Gradle version information cache is out-of-date. Trying to update.
2017-12-20 08:46:56,049 [Worker-1] INFO  c.g.t.t.d.PublishedGradleVersions - Updating Gradle version information cache failed. Using outdated cache.
2017-12-20 20:03:06,622 [Worker-1] INFO  c.g.t.t.d.PublishedGradleVersions - Gradle version information cache is out-of-date. Trying to update.
2017-12-22 15:20:34,277 [Worker-1] INFO  c.g.t.t.d.PublishedGradleVersions - Gradle version information cache is out-of-date. Trying to update.
2017-12-22 15:20:49,974 [Worker-1] INFO  c.g.t.t.d.PublishedGradleVersions - Updating Gradle version information cache failed. Using outdated cache.
2017-12-23 09:34:08,648 [Worker-1] INFO  c.g.t.t.d.PublishedGradleVersions - Gradle version information cache is out-of-date. Trying to update.
2017-12-23 16:41:42,664 [Start Help Server] INFO  org.eclipse.jetty.util.log - Logging initialized @25673586ms to org.eclipse.jetty.util.log.Slf4jLog
2017-12-23 16:41:43,025 [Start Help Server] INFO  org.eclipse.jetty.server.Server - jetty-9.4.5.v20170502
2017-12-23 16:41:43,051 [Start Help Server] INFO  org.eclipse.jetty.server.session - DefaultSessionIdManager workerName=node0
2017-12-23 16:41:43,051 [Start Help Server] INFO  org.eclipse.jetty.server.session - No SessionScavenger set, using defaults
2017-12-23 16:41:43,053 [Start Help Server] INFO  org.eclipse.jetty.server.session - Scavenging every 660000ms
2017-12-23 16:41:43,105 [Start Help Server] INFO  o.e.j.server.handler.ContextHandler - Started o.e.j.s.ServletContextHandler@578227f8{/help,null,AVAILABLE}
2017-12-23 16:41:43,162 [Start Help Server] INFO  o.e.jetty.server.AbstractConnector - Started ServerConnector@25647241{HTTP/1.1,[http/1.1]}{127.0.0.1:65450}
2017-12-23 16:41:43,163 [Start Help Server] INFO  org.eclipse.jetty.server.Server - Started @25674086ms
2017-12-24 10:42:01,635 [Stop Help Server] INFO  o.e.jetty.server.AbstractConnector - Stopped ServerConnector@25647241{HTTP/1.1,[http/1.1]}{127.0.0.1:0}
2017-12-24 10:42:01,636 [Stop Help Server] INFO  org.eclipse.jetty.server.session - Stopped scavenging
2017-12-24 10:42:01,665 [Stop Help Server] INFO  o.e.j.server.handler.ContextHandler - Stopped o.e.j.s.ServletContextHandler@578227f8{/help,null,UNAVAILABLE}
2017-12-24 10:42:50,229 [Worker-0] INFO  c.g.t.t.d.PublishedGradleVersions - Gradle version information cache is out-of-date. Trying to update.
2017-12-26 18:44:38,449 [Worker-5] INFO  c.g.t.t.d.PublishedGradleVersions - Gradle version information cache is out-of-date. Trying to update.
2017-12-27 09:15:04,540 [Worker-2] INFO  c.g.t.t.d.PublishedGradleVersions - Gradle version information cache is up-to-date. Trying to read.
2017-12-27 19:09:34,511 [Worker-1] INFO  c.g.t.t.d.PublishedGradleVersions - Gradle version information cache is out-of-date. Trying to update.
2017-12-27 19:12:59,123 [main] ERROR o.e.m.c.i.p.r.ProjectRegistryReader - Can't read workspace state
java.io.InvalidClassException: org.eclipse.m2e.core.internal.project.registry.BasicProjectRegistry; local class incompatible: stream classdesc serialVersionUID = 5542512601401896748, local class serialVersionUID = 6232274446642339434
	at java.io.ObjectStreamClass.initNonProxy(Unknown Source) ~[na:1.8.0_152]
	at java.io.ObjectInputStream.readNonProxyDesc(Unknown Source) ~[na:1.8.0_152]
	at java.io.ObjectInputStream.readClassDesc(Unknown Source) ~[na:1.8.0_152]
	at java.io.ObjectInputStream.readNonProxyDesc(Unknown Source) ~[na:1.8.0_152]
	at java.io.ObjectInputStream.readClassDesc(Unknown Source) ~[na:1.8.0_152]
	at java.io.ObjectInputStream.readOrdinaryObject(Unknown Source) ~[na:1.8.0_152]
	at java.io.ObjectInputStream.readObject0(Unknown Source) ~[na:1.8.0_152]
	at java.io.ObjectInputStream.readObject(Unknown Source) ~[na:1.8.0_152]
	at org.eclipse.m2e.core.internal.project.registry.ProjectRegistryReader.readWorkspaceState(ProjectRegistryReader.java:100) ~[org.eclipse.m2e.core_1.8.2.20171007-0217.jar:na]
	at org.eclipse.m2e.core.internal.project.registry.ProjectRegistryManager.<init>(ProjectRegistryManager.java:164) [org.eclipse.m2e.core_1.8.2.20171007-0217.jar:na]
	at org.eclipse.m2e.core.internal.MavenPluginActivator.start(MavenPluginActivator.java:211) [org.eclipse.m2e.core_1.8.2.20171007-0217.jar:na]
	at org.eclipse.osgi.internal.framework.BundleContextImpl$3.run(BundleContextImpl.java:779) [org.eclipse.osgi_3.12.50.v20170928-1321.jar:na]
	at org.eclipse.osgi.internal.framework.BundleContextImpl$3.run(BundleContextImpl.java:1) [org.eclipse.osgi_3.12.50.v20170928-1321.jar:na]
	at java.security.AccessController.doPrivileged(Native Method) [na:1.8.0_152]
	at org.eclipse.osgi.internal.framework.BundleContextImpl.startActivator(BundleContextImpl.java:772) [org.eclipse.osgi_3.12.50.v20170928-1321.jar:na]
	at org.eclipse.osgi.internal.framework.BundleContextImpl.start(BundleContextImpl.java:729) [org.eclipse.osgi_3.12.50.v20170928-1321.jar:na]
	at org.eclipse.osgi.internal.framework.EquinoxBundle.startWorker0(EquinoxBundle.java:933) [org.eclipse.osgi_3.12.50.v20170928-1321.jar:na]
	at org.eclipse.osgi.internal.framework.EquinoxBundle$EquinoxModule.startWorker(EquinoxBundle.java:309) [org.eclipse.osgi_3.12.50.v20170928-1321.jar:na]
	at org.eclipse.osgi.container.Module.doStart(Module.java:581) [org.eclipse.osgi_3.12.50.v20170928-1321.jar:na]
	at org.eclipse.osgi.container.Module.start(Module.java:449) [org.eclipse.osgi_3.12.50.v20170928-1321.jar:na]
	at org.eclipse.osgi.framework.util.SecureAction.start(SecureAction.java:468) [org.eclipse.osgi_3.12.50.v20170928-1321.jar:na]
	at org.eclipse.osgi.internal.hooks.EclipseLazyStarter.postFindLocalClass(EclipseLazyStarter.java:103) [org.eclipse.osgi_3.12.50.v20170928-1321.jar:na]
	at org.eclipse.osgi.internal.loader.classpath.ClasspathManager.findLocalClass(ClasspathManager.java:529) [org.eclipse.osgi_3.12.50.v20170928-1321.jar:na]
	at org.eclipse.osgi.internal.loader.ModuleClassLoader.findLocalClass(ModuleClassLoader.java:328) [org.eclipse.osgi_3.12.50.v20170928-1321.jar:na]
	at org.eclipse.osgi.internal.loader.BundleLoader.findLocalClass(BundleLoader.java:368) [org.eclipse.osgi_3.12.50.v20170928-1321.jar:na]
	at org.eclipse.osgi.internal.loader.sources.SingleSourcePackage.loadClass(SingleSourcePackage.java:36) [org.eclipse.osgi_3.12.50.v20170928-1321.jar:na]
	at org.eclipse.osgi.internal.loader.BundleLoader.findClassInternal(BundleLoader.java:442) [org.eclipse.osgi_3.12.50.v20170928-1321.jar:na]
	at org.eclipse.osgi.internal.loader.BundleLoader.findClass(BundleLoader.java:395) [org.eclipse.osgi_3.12.50.v20170928-1321.jar:na]
	at org.eclipse.osgi.internal.loader.BundleLoader.findClass(BundleLoader.java:387) [org.eclipse.osgi_3.12.50.v20170928-1321.jar:na]
	at org.eclipse.osgi.internal.loader.ModuleClassLoader.loadClass(ModuleClassLoader.java:150) [org.eclipse.osgi_3.12.50.v20170928-1321.jar:na]
	at java.lang.ClassLoader.loadClass(Unknown Source) [na:1.8.0_152]
	at java.lang.Class.getDeclaredConstructors0(Native Method) [na:1.8.0_152]
	at java.lang.Class.privateGetDeclaredConstructors(Unknown Source) [na:1.8.0_152]
	at java.lang.Class.getConstructor0(Unknown Source) [na:1.8.0_152]
	at java.lang.Class.newInstance(Unknown Source) [na:1.8.0_152]
	at org.eclipse.osgi.internal.framework.BundleContextImpl.loadBundleActivator(BundleContextImpl.java:763) [org.eclipse.osgi_3.12.50.v20170928-1321.jar:na]
	at org.eclipse.osgi.internal.framework.BundleContextImpl.start(BundleContextImpl.java:716) [org.eclipse.osgi_3.12.50.v20170928-1321.jar:na]
	at org.eclipse.osgi.internal.framework.EquinoxBundle.startWorker0(EquinoxBundle.java:933) [org.eclipse.osgi_3.12.50.v20170928-1321.jar:na]
	at org.eclipse.osgi.internal.framework.EquinoxBundle$EquinoxModule.startWorker(EquinoxBundle.java:309) [org.eclipse.osgi_3.12.50.v20170928-1321.jar:na]
	at org.eclipse.osgi.container.Module.doStart(Module.java:581) [org.eclipse.osgi_3.12.50.v20170928-1321.jar:na]
	at org.eclipse.osgi.container.Module.start(Module.java:449) [org.eclipse.osgi_3.12.50.v20170928-1321.jar:na]
	at org.eclipse.osgi.framework.util.SecureAction.start(SecureAction.java:468) [org.eclipse.osgi_3.12.50.v20170928-1321.jar:na]
	at org.eclipse.osgi.internal.hooks.EclipseLazyStarter.postFindLocalClass(EclipseLazyStarter.java:103) [org.eclipse.osgi_3.12.50.v20170928-1321.jar:na]
	at org.eclipse.osgi.internal.loader.classpath.ClasspathManager.findLocalClass(ClasspathManager.java:529) [org.eclipse.osgi_3.12.50.v20170928-1321.jar:na]
	at org.eclipse.osgi.internal.loader.ModuleClassLoader.findLocalClass(ModuleClassLoader.java:328) [org.eclipse.osgi_3.12.50.v20170928-1321.jar:na]
	at org.eclipse.osgi.internal.loader.BundleLoader.findLocalClass(BundleLoader.java:368) [org.eclipse.osgi_3.12.50.v20170928-1321.jar:na]
	at org.eclipse.osgi.internal.loader.BundleLoader.findClassInternal(BundleLoader.java:446) [org.eclipse.osgi_3.12.50.v20170928-1321.jar:na]
	at org.eclipse.osgi.internal.loader.BundleLoader.findClass(BundleLoader.java:395) [org.eclipse.osgi_3.12.50.v20170928-1321.jar:na]
	at org.eclipse.osgi.internal.loader.BundleLoader.findClass(BundleLoader.java:387) [org.eclipse.osgi_3.12.50.v20170928-1321.jar:na]
	at org.eclipse.osgi.internal.loader.ModuleClassLoader.loadClass(ModuleClassLoader.java:150) [org.eclipse.osgi_3.12.50.v20170928-1321.jar:na]
	at java.lang.ClassLoader.loadClass(Unknown Source) [na:1.8.0_152]
	at org.eclipse.osgi.internal.framework.EquinoxBundle.loadClass(EquinoxBundle.java:564) [org.eclipse.osgi_3.12.50.v20170928-1321.jar:na]
	at org.eclipse.core.internal.registry.osgi.RegistryStrategyOSGI.createExecutableExtension(RegistryStrategyOSGI.java:174) [org.eclipse.equinox.registry_3.7.0.v20170222-1344.jar:na]
	at org.eclipse.core.internal.registry.ExtensionRegistry.createExecutableExtension(ExtensionRegistry.java:905) [org.eclipse.equinox.registry_3.7.0.v20170222-1344.jar:na]
	at org.eclipse.core.internal.registry.ConfigurationElement.createExecutableExtension(ConfigurationElement.java:243) [org.eclipse.equinox.registry_3.7.0.v20170222-1344.jar:na]
	at org.eclipse.core.internal.registry.ConfigurationElementHandle.createExecutableExtension(ConfigurationElementHandle.java:55) [org.eclipse.equinox.registry_3.7.0.v20170222-1344.jar:na]
	at org.eclipse.jdt.core.JavaCore.getClasspathVariableInitializer(JavaCore.java:3799) [org.eclipse.jdt.core_3.13.100.v20171123-1049.jar:na]
	at org.eclipse.jdt.core.JavaCore.getClasspathVariable(JavaCore.java:3662) [org.eclipse.jdt.core_3.13.100.v20171123-1049.jar:na]
	at org.eclipse.jdt.internal.ui.wizards.buildpaths.NewVariableEntryDialog.initializeElements(NewVariableEntryDialog.java:169) [org.eclipse.jdt.ui_3.13.51.v20171122-0652.jar:na]
	at org.eclipse.jdt.internal.ui.wizards.buildpaths.NewVariableEntryDialog.<init>(NewVariableEntryDialog.java:146) [org.eclipse.jdt.ui_3.13.51.v20171122-0652.jar:na]
	at org.eclipse.jdt.ui.wizards.BuildPathDialogAccess.chooseVariableEntries(BuildPathDialogAccess.java:274) [org.eclipse.jdt.ui_3.13.51.v20171122-0652.jar:na]
	at org.eclipse.jdt.internal.ui.wizards.buildpaths.LibrariesWorkbookPage.openVariableSelectionDialog(LibrariesWorkbookPage.java:1290) [org.eclipse.jdt.ui_3.13.51.v20171122-0652.jar:na]
	at org.eclipse.jdt.internal.ui.wizards.buildpaths.LibrariesWorkbookPage.libaryPageCustomButtonPressed(LibrariesWorkbookPage.java:474) [org.eclipse.jdt.ui_3.13.51.v20171122-0652.jar:na]
	at org.eclipse.jdt.internal.ui.wizards.buildpaths.LibrariesWorkbookPage.access$0(LibrariesWorkbookPage.java:464) [org.eclipse.jdt.ui_3.13.51.v20171122-0652.jar:na]
	at org.eclipse.jdt.internal.ui.wizards.buildpaths.LibrariesWorkbookPage$LibrariesAdapter.customButtonPressed(LibrariesWorkbookPage.java:421) [org.eclipse.jdt.ui_3.13.51.v20171122-0652.jar:na]
	at org.eclipse.jdt.internal.ui.wizards.dialogfields.TreeListDialogField.buttonPressed(TreeListDialogField.java:171) [org.eclipse.jdt.ui_3.13.51.v20171122-0652.jar:na]
	at org.eclipse.jdt.internal.ui.wizards.dialogfields.TreeListDialogField.doButtonSelected(TreeListDialogField.java:402) [org.eclipse.jdt.ui_3.13.51.v20171122-0652.jar:na]
	at org.eclipse.jdt.internal.ui.wizards.dialogfields.TreeListDialogField.access$2(TreeListDialogField.java:398) [org.eclipse.jdt.ui_3.13.51.v20171122-0652.jar:na]
	at org.eclipse.jdt.internal.ui.wizards.dialogfields.TreeListDialogField$2.widgetSelected(TreeListDialogField.java:363) [org.eclipse.jdt.ui_3.13.51.v20171122-0652.jar:na]
	at org.eclipse.swt.widgets.TypedListener.handleEvent(TypedListener.java:249) [org.eclipse.swt.win32.win32.x86_64_3.106.2.v20171129-0543.jar:na]
	at org.eclipse.swt.widgets.EventTable.sendEvent(EventTable.java:86) [org.eclipse.swt.win32.win32.x86_64_3.106.2.v20171129-0543.jar:na]
	at org.eclipse.swt.widgets.Display.sendEvent(Display.java:4428) [org.eclipse.swt.win32.win32.x86_64_3.106.2.v20171129-0543.jar:na]
	at org.eclipse.swt.widgets.Widget.sendEvent(Widget.java:1079) [org.eclipse.swt.win32.win32.x86_64_3.106.2.v20171129-0543.jar:na]
	at org.eclipse.swt.widgets.Display.runDeferredEvents(Display.java:4238) [org.eclipse.swt.win32.win32.x86_64_3.106.2.v20171129-0543.jar:na]
	at org.eclipse.swt.widgets.Display.readAndDispatch(Display.java:3817) [org.eclipse.swt.win32.win32.x86_64_3.106.2.v20171129-0543.jar:na]
	at org.eclipse.jface.window.Window.runEventLoop(Window.java:818) [org.eclipse.jface_3.13.2.v20171022-1656.jar:na]
	at org.eclipse.jface.window.Window.open(Window.java:794) [org.eclipse.jface_3.13.2.v20171022-1656.jar:na]
	at org.eclipse.ui.dialogs.PropertyDialogAction.run(PropertyDialogAction.java:157) [org.eclipse.ui.workbench_3.110.1.v20170704-1208.jar:na]
	at org.eclipse.jface.action.Action.runWithEvent(Action.java:473) [org.eclipse.jface_3.13.2.v20171022-1656.jar:na]
	at org.eclipse.jface.commands.ActionHandler.execute(ActionHandler.java:118) [org.eclipse.jface_3.13.2.v20171022-1656.jar:na]
	at org.eclipse.ui.internal.handlers.E4HandlerProxy.execute(E4HandlerProxy.java:92) [org.eclipse.ui.workbench_3.110.1.v20170704-1208.jar:na]
	at sun.reflect.NativeMethodAccessorImpl.invoke0(Native Method) ~[na:1.8.0_152]
	at sun.reflect.NativeMethodAccessorImpl.invoke(Unknown Source) ~[na:1.8.0_152]
	at sun.reflect.DelegatingMethodAccessorImpl.invoke(Unknown Source) ~[na:1.8.0_152]
	at java.lang.reflect.Method.invoke(Unknown Source) ~[na:1.8.0_152]
	at org.eclipse.e4.core.internal.di.MethodRequestor.execute(MethodRequestor.java:55) [org.eclipse.e4.core.di_1.6.100.v20170421-1418.jar:na]
	at org.eclipse.e4.core.internal.di.InjectorImpl.invokeUsingClass(InjectorImpl.java:305) [org.eclipse.e4.core.di_1.6.100.v20170421-1418.jar:na]
	at org.eclipse.e4.core.internal.di.InjectorImpl.invoke(InjectorImpl.java:239) [org.eclipse.e4.core.di_1.6.100.v20170421-1418.jar:na]
	at org.eclipse.e4.core.contexts.ContextInjectionFactory.invoke(ContextInjectionFactory.java:132) [org.eclipse.e4.core.contexts_1.6.0.v20170322-1144.jar:na]
	at org.eclipse.e4.core.commands.internal.HandlerServiceHandler.execute(HandlerServiceHandler.java:152) [org.eclipse.e4.core.commands_0.12.100.v20170513-0428.jar:na]
	at org.eclipse.core.commands.Command.executeWithChecks(Command.java:494) [org.eclipse.core.commands_3.9.0.v20170530-1048.jar:na]
	at org.eclipse.core.commands.ParameterizedCommand.executeWithChecks(ParameterizedCommand.java:487) [org.eclipse.core.commands_3.9.0.v20170530-1048.jar:na]
	at org.eclipse.e4.core.commands.internal.HandlerServiceImpl.executeHandler(HandlerServiceImpl.java:210) [org.eclipse.e4.core.commands_0.12.100.v20170513-0428.jar:na]
	at org.eclipse.e4.ui.workbench.renderers.swt.HandledContributionItem.executeItem(HandledContributionItem.java:431) [org.eclipse.e4.ui.workbench.renderers.swt_0.14.101.v20170713-1343.jar:na]
	at org.eclipse.e4.ui.workbench.renderers.swt.AbstractContributionItem.handleWidgetSelection(AbstractContributionItem.java:446) [org.eclipse.e4.ui.workbench.renderers.swt_0.14.101.v20170713-1343.jar:na]
	at org.eclipse.e4.ui.workbench.renderers.swt.AbstractContributionItem.lambda$2(AbstractContributionItem.java:472) [org.eclipse.e4.ui.workbench.renderers.swt_0.14.101.v20170713-1343.jar:na]
	at org.eclipse.swt.widgets.EventTable.sendEvent(EventTable.java:86) [org.eclipse.swt.win32.win32.x86_64_3.106.2.v20171129-0543.jar:na]
	at org.eclipse.swt.widgets.Display.sendEvent(Display.java:4428) [org.eclipse.swt.win32.win32.x86_64_3.106.2.v20171129-0543.jar:na]
	at org.eclipse.swt.widgets.Widget.sendEvent(Widget.java:1079) [org.eclipse.swt.win32.win32.x86_64_3.106.2.v20171129-0543.jar:na]
	at org.eclipse.swt.widgets.Display.runDeferredEvents(Display.java:4238) [org.eclipse.swt.win32.win32.x86_64_3.106.2.v20171129-0543.jar:na]
	at org.eclipse.swt.widgets.Display.readAndDispatch(Display.java:3817) [org.eclipse.swt.win32.win32.x86_64_3.106.2.v20171129-0543.jar:na]
	at org.eclipse.e4.ui.internal.workbench.swt.PartRenderingEngine$5.run(PartRenderingEngine.java:1150) ~[org.eclipse.e4.ui.workbench.swt_0.14.101.v20170710-1119.jar:na]
	at org.eclipse.core.databinding.observable.Realm.runWithDefault(Realm.java:336) ~[na:na]
	at org.eclipse.e4.ui.internal.workbench.swt.PartRenderingEngine.run(PartRenderingEngine.java:1039) ~[org.eclipse.e4.ui.workbench.swt_0.14.101.v20170710-1119.jar:na]
	at org.eclipse.e4.ui.internal.workbench.E4Workbench.createAndRunUI(E4Workbench.java:153) ~[org.eclipse.e4.ui.workbench_1.5.1.v20170815-1446.jar:na]
	at org.eclipse.ui.internal.Workbench.lambda$3(Workbench.java:680) ~[na:na]
	at org.eclipse.core.databinding.observable.Realm.runWithDefault(Realm.java:336) ~[na:na]
	at org.eclipse.ui.internal.Workbench.createAndRunWorkbench(Workbench.java:594) ~[na:na]
	at org.eclipse.ui.PlatformUI.createAndRunWorkbench(PlatformUI.java:148) ~[na:na]
	at org.eclipse.ui.internal.ide.application.IDEApplication.start(IDEApplication.java:151) ~[na:na]
	at org.eclipse.equinox.internal.app.EclipseAppHandle.run(EclipseAppHandle.java:196) ~[org.eclipse.equinox.app_1.3.400.v20150715-1528.jar:na]
	at org.eclipse.core.runtime.internal.adaptor.EclipseAppLauncher.runApplication(EclipseAppLauncher.java:134) ~[org.eclipse.osgi_3.12.50.v20170928-1321.jar:na]
	at org.eclipse.core.runtime.internal.adaptor.EclipseAppLauncher.start(EclipseAppLauncher.java:104) ~[org.eclipse.osgi_3.12.50.v20170928-1321.jar:na]
	at org.eclipse.core.runtime.adaptor.EclipseStarter.run(EclipseStarter.java:388) ~[org.eclipse.osgi_3.12.50.v20170928-1321.jar:na]
	at org.eclipse.core.runtime.adaptor.EclipseStarter.run(EclipseStarter.java:243) ~[org.eclipse.osgi_3.12.50.v20170928-1321.jar:na]
	at sun.reflect.NativeMethodAccessorImpl.invoke0(Native Method) ~[na:1.8.0_152]
	at sun.reflect.NativeMethodAccessorImpl.invoke(Unknown Source) ~[na:1.8.0_152]
	at sun.reflect.DelegatingMethodAccessorImpl.invoke(Unknown Source) ~[na:1.8.0_152]
	at java.lang.reflect.Method.invoke(Unknown Source) ~[na:1.8.0_152]
	at org.eclipse.equinox.launcher.Main.invokeFramework(Main.java:653) ~[org.eclipse.equinox.launcher_1.4.0.v20161219-1356.jar:na]
	at org.eclipse.equinox.launcher.Main.basicRun(Main.java:590) ~[org.eclipse.equinox.launcher_1.4.0.v20161219-1356.jar:na]
	at org.eclipse.equinox.launcher.Main.run(Main.java:1499) ~[org.eclipse.equinox.launcher_1.4.0.v20161219-1356.jar:na]
2017-12-28 09:39:41,441 [Worker-6] INFO  c.g.t.t.d.PublishedGradleVersions - Gradle version information cache is up-to-date. Trying to read.
2017-12-28 16:24:23,962 [main] ERROR o.e.m.c.i.p.r.ProjectRegistryReader - Can't read workspace state
java.io.InvalidClassException: org.eclipse.m2e.core.internal.project.registry.BasicProjectRegistry; local class incompatible: stream classdesc serialVersionUID = 5542512601401896748, local class serialVersionUID = 6232274446642339434
	at java.io.ObjectStreamClass.initNonProxy(ObjectStreamClass.java:687) ~[na:1.8.0_152]
	at java.io.ObjectInputStream.readNonProxyDesc(ObjectInputStream.java:1880) ~[na:1.8.0_152]
	at java.io.ObjectInputStream.readClassDesc(ObjectInputStream.java:1746) ~[na:1.8.0_152]
	at java.io.ObjectInputStream.readNonProxyDesc(ObjectInputStream.java:1880) ~[na:1.8.0_152]
	at java.io.ObjectInputStream.readClassDesc(ObjectInputStream.java:1746) ~[na:1.8.0_152]
	at java.io.ObjectInputStream.readOrdinaryObject(ObjectInputStream.java:2037) ~[na:1.8.0_152]
	at java.io.ObjectInputStream.readObject0(ObjectInputStream.java:1568) ~[na:1.8.0_152]
	at java.io.ObjectInputStream.readObject(ObjectInputStream.java:428) ~[na:1.8.0_152]
	at org.eclipse.m2e.core.internal.project.registry.ProjectRegistryReader.readWorkspaceState(ProjectRegistryReader.java:100) ~[org.eclipse.m2e.core_1.8.2.20171007-0217.jar:na]
	at org.eclipse.m2e.core.internal.project.registry.ProjectRegistryManager.<init>(ProjectRegistryManager.java:164) [org.eclipse.m2e.core_1.8.2.20171007-0217.jar:na]
	at org.eclipse.m2e.core.internal.MavenPluginActivator.start(MavenPluginActivator.java:211) [org.eclipse.m2e.core_1.8.2.20171007-0217.jar:na]
	at org.eclipse.osgi.internal.framework.BundleContextImpl$3.run(BundleContextImpl.java:779) [org.eclipse.osgi_3.12.50.v20170928-1321.jar:na]
	at org.eclipse.osgi.internal.framework.BundleContextImpl$3.run(BundleContextImpl.java:1) [org.eclipse.osgi_3.12.50.v20170928-1321.jar:na]
	at java.security.AccessController.doPrivileged(Native Method) [na:1.8.0_152]
	at org.eclipse.osgi.internal.framework.BundleContextImpl.startActivator(BundleContextImpl.java:772) [org.eclipse.osgi_3.12.50.v20170928-1321.jar:na]
	at org.eclipse.osgi.internal.framework.BundleContextImpl.start(BundleContextImpl.java:729) [org.eclipse.osgi_3.12.50.v20170928-1321.jar:na]
	at org.eclipse.osgi.internal.framework.EquinoxBundle.startWorker0(EquinoxBundle.java:933) [org.eclipse.osgi_3.12.50.v20170928-1321.jar:na]
	at org.eclipse.osgi.internal.framework.EquinoxBundle$EquinoxModule.startWorker(EquinoxBundle.java:309) [org.eclipse.osgi_3.12.50.v20170928-1321.jar:na]
	at org.eclipse.osgi.container.Module.doStart(Module.java:581) [org.eclipse.osgi_3.12.50.v20170928-1321.jar:na]
	at org.eclipse.osgi.container.Module.start(Module.java:449) [org.eclipse.osgi_3.12.50.v20170928-1321.jar:na]
	at org.eclipse.osgi.framework.util.SecureAction.start(SecureAction.java:468) [org.eclipse.osgi_3.12.50.v20170928-1321.jar:na]
	at org.eclipse.osgi.internal.hooks.EclipseLazyStarter.postFindLocalClass(EclipseLazyStarter.java:103) [org.eclipse.osgi_3.12.50.v20170928-1321.jar:na]
	at org.eclipse.osgi.internal.loader.classpath.ClasspathManager.findLocalClass(ClasspathManager.java:529) [org.eclipse.osgi_3.12.50.v20170928-1321.jar:na]
	at org.eclipse.osgi.internal.loader.ModuleClassLoader.findLocalClass(ModuleClassLoader.java:328) [org.eclipse.osgi_3.12.50.v20170928-1321.jar:na]
	at org.eclipse.osgi.internal.loader.BundleLoader.findLocalClass(BundleLoader.java:368) [org.eclipse.osgi_3.12.50.v20170928-1321.jar:na]
	at org.eclipse.osgi.internal.loader.sources.SingleSourcePackage.loadClass(SingleSourcePackage.java:36) [org.eclipse.osgi_3.12.50.v20170928-1321.jar:na]
	at org.eclipse.osgi.internal.loader.BundleLoader.findClassInternal(BundleLoader.java:442) [org.eclipse.osgi_3.12.50.v20170928-1321.jar:na]
	at org.eclipse.osgi.internal.loader.BundleLoader.findClass(BundleLoader.java:395) [org.eclipse.osgi_3.12.50.v20170928-1321.jar:na]
	at org.eclipse.osgi.internal.loader.BundleLoader.findClass(BundleLoader.java:387) [org.eclipse.osgi_3.12.50.v20170928-1321.jar:na]
	at org.eclipse.osgi.internal.loader.ModuleClassLoader.loadClass(ModuleClassLoader.java:150) [org.eclipse.osgi_3.12.50.v20170928-1321.jar:na]
	at java.lang.ClassLoader.loadClass(ClassLoader.java:357) [na:1.8.0_152]
	at java.lang.Class.getDeclaredConstructors0(Native Method) [na:1.8.0_152]
	at java.lang.Class.privateGetDeclaredConstructors(Class.java:2671) [na:1.8.0_152]
	at java.lang.Class.getConstructor0(Class.java:3075) [na:1.8.0_152]
	at java.lang.Class.newInstance(Class.java:412) [na:1.8.0_152]
	at org.eclipse.osgi.internal.framework.BundleContextImpl.loadBundleActivator(BundleContextImpl.java:763) [org.eclipse.osgi_3.12.50.v20170928-1321.jar:na]
	at org.eclipse.osgi.internal.framework.BundleContextImpl.start(BundleContextImpl.java:716) [org.eclipse.osgi_3.12.50.v20170928-1321.jar:na]
	at org.eclipse.osgi.internal.framework.EquinoxBundle.startWorker0(EquinoxBundle.java:933) [org.eclipse.osgi_3.12.50.v20170928-1321.jar:na]
	at org.eclipse.osgi.internal.framework.EquinoxBundle$EquinoxModule.startWorker(EquinoxBundle.java:309) [org.eclipse.osgi_3.12.50.v20170928-1321.jar:na]
	at org.eclipse.osgi.container.Module.doStart(Module.java:581) [org.eclipse.osgi_3.12.50.v20170928-1321.jar:na]
	at org.eclipse.osgi.container.Module.start(Module.java:449) [org.eclipse.osgi_3.12.50.v20170928-1321.jar:na]
	at org.eclipse.osgi.framework.util.SecureAction.start(SecureAction.java:468) [org.eclipse.osgi_3.12.50.v20170928-1321.jar:na]
	at org.eclipse.osgi.internal.hooks.EclipseLazyStarter.postFindLocalClass(EclipseLazyStarter.java:103) [org.eclipse.osgi_3.12.50.v20170928-1321.jar:na]
	at org.eclipse.osgi.internal.loader.classpath.ClasspathManager.findLocalClass(ClasspathManager.java:529) [org.eclipse.osgi_3.12.50.v20170928-1321.jar:na]
	at org.eclipse.osgi.internal.loader.ModuleClassLoader.findLocalClass(ModuleClassLoader.java:328) [org.eclipse.osgi_3.12.50.v20170928-1321.jar:na]
	at org.eclipse.osgi.internal.loader.BundleLoader.findLocalClass(BundleLoader.java:368) [org.eclipse.osgi_3.12.50.v20170928-1321.jar:na]
	at org.eclipse.osgi.internal.loader.BundleLoader.findClassInternal(BundleLoader.java:446) [org.eclipse.osgi_3.12.50.v20170928-1321.jar:na]
	at org.eclipse.osgi.internal.loader.BundleLoader.findClass(BundleLoader.java:395) [org.eclipse.osgi_3.12.50.v20170928-1321.jar:na]
	at org.eclipse.osgi.internal.loader.BundleLoader.findClass(BundleLoader.java:387) [org.eclipse.osgi_3.12.50.v20170928-1321.jar:na]
	at org.eclipse.osgi.internal.loader.ModuleClassLoader.loadClass(ModuleClassLoader.java:150) [org.eclipse.osgi_3.12.50.v20170928-1321.jar:na]
	at java.lang.ClassLoader.loadClass(ClassLoader.java:357) [na:1.8.0_152]
	at org.eclipse.osgi.internal.framework.EquinoxBundle.loadClass(EquinoxBundle.java:564) [org.eclipse.osgi_3.12.50.v20170928-1321.jar:na]
	at org.eclipse.core.internal.registry.osgi.RegistryStrategyOSGI.createExecutableExtension(RegistryStrategyOSGI.java:174) [org.eclipse.equinox.registry_3.7.0.v20170222-1344.jar:na]
	at org.eclipse.core.internal.registry.ExtensionRegistry.createExecutableExtension(ExtensionRegistry.java:905) [org.eclipse.equinox.registry_3.7.0.v20170222-1344.jar:na]
	at org.eclipse.core.internal.registry.ConfigurationElement.createExecutableExtension(ConfigurationElement.java:243) [org.eclipse.equinox.registry_3.7.0.v20170222-1344.jar:na]
	at org.eclipse.core.internal.registry.ConfigurationElementHandle.createExecutableExtension(ConfigurationElementHandle.java:55) [org.eclipse.equinox.registry_3.7.0.v20170222-1344.jar:na]
	at org.eclipse.ui.internal.WorkbenchPlugin.lambda$0(WorkbenchPlugin.java:288) [org.eclipse.ui.workbench_3.110.1.v20170704-1208.jar:na]
	at org.eclipse.swt.custom.BusyIndicator.showWhile(BusyIndicator.java:70) ~[org.eclipse.swt.win32.win32.x86_64_3.106.2.v20171129-0543.jar:na]
	at org.eclipse.ui.internal.WorkbenchPlugin.createExtension(WorkbenchPlugin.java:285) [org.eclipse.ui.workbench_3.110.1.v20170704-1208.jar:na]
	at org.eclipse.ui.internal.dialogs.WorkbenchWizardElement.createExecutableExtension(WorkbenchWizardElement.java:123) ~[org.eclipse.ui.workbench_3.110.1.v20170704-1208.jar:na]
	at org.eclipse.ui.internal.dialogs.WorkbenchWizardElement.createWizard(WorkbenchWizardElement.java:261) ~[org.eclipse.ui.workbench_3.110.1.v20170704-1208.jar:na]
	at org.eclipse.ui.internal.dialogs.NewWizardNewPage$2.createWizard(NewWizardNewPage.java:714) ~[org.eclipse.ui.workbench_3.110.1.v20170704-1208.jar:na]
	at org.eclipse.ui.internal.dialogs.WorkbenchWizardNode$1.run(WorkbenchWizardNode.java:139) ~[org.eclipse.ui.workbench_3.110.1.v20170704-1208.jar:na]
	at org.eclipse.core.runtime.SafeRunner.run(SafeRunner.java:42) ~[org.eclipse.equinox.common_3.9.0.v20170207-1454.jar:na]
	at org.eclipse.ui.internal.dialogs.WorkbenchWizardNode.lambda$0(WorkbenchWizardNode.java:121) ~[org.eclipse.ui.workbench_3.110.1.v20170704-1208.jar:na]
	at org.eclipse.swt.custom.BusyIndicator.showWhile(BusyIndicator.java:70) ~[org.eclipse.swt.win32.win32.x86_64_3.106.2.v20171129-0543.jar:na]
	at org.eclipse.ui.internal.dialogs.WorkbenchWizardNode.getWizard(WorkbenchWizardNode.java:120) ~[org.eclipse.ui.workbench_3.110.1.v20170704-1208.jar:na]
	at org.eclipse.jface.wizard.WizardSelectionPage.getNextPage(WizardSelectionPage.java:107) ~[org.eclipse.jface_3.13.2.v20171022-1656.jar:na]
	at org.eclipse.ui.internal.dialogs.WorkbenchWizardSelectionPage.getNextPage(WorkbenchWizardSelectionPage.java:97) ~[org.eclipse.ui.workbench_3.110.1.v20170704-1208.jar:na]
	at org.eclipse.jface.wizard.WizardDialog.nextPressed(WizardDialog.java:857) ~[org.eclipse.jface_3.13.2.v20171022-1656.jar:na]
	at org.eclipse.jface.wizard.WizardDialog.buttonPressed(WizardDialog.java:413) ~[org.eclipse.jface_3.13.2.v20171022-1656.jar:na]
	at org.eclipse.jface.dialogs.Dialog.lambda$0(Dialog.java:619) ~[org.eclipse.jface_3.13.2.v20171022-1656.jar:na]
	at org.eclipse.swt.events.SelectionListener$1.widgetSelected(SelectionListener.java:81) ~[org.eclipse.swt.win32.win32.x86_64_3.106.2.v20171129-0543.jar:na]
	at org.eclipse.swt.widgets.TypedListener.handleEvent(TypedListener.java:249) ~[org.eclipse.swt.win32.win32.x86_64_3.106.2.v20171129-0543.jar:na]
	at org.eclipse.swt.widgets.EventTable.sendEvent(EventTable.java:86) ~[org.eclipse.swt.win32.win32.x86_64_3.106.2.v20171129-0543.jar:na]
	at org.eclipse.swt.widgets.Display.sendEvent(Display.java:4428) ~[org.eclipse.swt.win32.win32.x86_64_3.106.2.v20171129-0543.jar:na]
	at org.eclipse.swt.widgets.Widget.sendEvent(Widget.java:1079) ~[org.eclipse.swt.win32.win32.x86_64_3.106.2.v20171129-0543.jar:na]
	at org.eclipse.swt.widgets.Display.runDeferredEvents(Display.java:4238) ~[org.eclipse.swt.win32.win32.x86_64_3.106.2.v20171129-0543.jar:na]
	at org.eclipse.swt.widgets.Display.readAndDispatch(Display.java:3817) ~[org.eclipse.swt.win32.win32.x86_64_3.106.2.v20171129-0543.jar:na]
	at org.eclipse.jface.window.Window.runEventLoop(Window.java:818) ~[org.eclipse.jface_3.13.2.v20171022-1656.jar:na]
	at org.eclipse.jface.window.Window.open(Window.java:794) ~[org.eclipse.jface_3.13.2.v20171022-1656.jar:na]
	at org.eclipse.ui.internal.handlers.WizardHandler$New.executeHandler(WizardHandler.java:269) ~[org.eclipse.ui.workbench_3.110.1.v20170704-1208.jar:na]
	at org.eclipse.ui.internal.handlers.WizardHandler.execute(WizardHandler.java:290) ~[org.eclipse.ui.workbench_3.110.1.v20170704-1208.jar:na]
	at org.eclipse.ui.internal.handlers.HandlerProxy.execute(HandlerProxy.java:291) ~[org.eclipse.ui.workbench_3.110.1.v20170704-1208.jar:na]
	at org.eclipse.ui.internal.handlers.E4HandlerProxy.execute(E4HandlerProxy.java:92) ~[org.eclipse.ui.workbench_3.110.1.v20170704-1208.jar:na]
	at sun.reflect.GeneratedMethodAccessor54.invoke(Unknown Source) ~[na:na]
	at sun.reflect.DelegatingMethodAccessorImpl.invoke(DelegatingMethodAccessorImpl.java:43) ~[na:1.8.0_152]
	at java.lang.reflect.Method.invoke(Method.java:498) ~[na:1.8.0_152]
	at org.eclipse.e4.core.internal.di.MethodRequestor.execute(MethodRequestor.java:55) ~[org.eclipse.e4.core.di_1.6.100.v20170421-1418.jar:na]
	at org.eclipse.e4.core.internal.di.InjectorImpl.invokeUsingClass(InjectorImpl.java:305) ~[org.eclipse.e4.core.di_1.6.100.v20170421-1418.jar:na]
	at org.eclipse.e4.core.internal.di.InjectorImpl.invoke(InjectorImpl.java:239) ~[org.eclipse.e4.core.di_1.6.100.v20170421-1418.jar:na]
	at org.eclipse.e4.core.contexts.ContextInjectionFactory.invoke(ContextInjectionFactory.java:132) ~[org.eclipse.e4.core.contexts_1.6.0.v20170322-1144.jar:na]
	at org.eclipse.e4.core.commands.internal.HandlerServiceHandler.execute(HandlerServiceHandler.java:152) ~[org.eclipse.e4.core.commands_0.12.100.v20170513-0428.jar:na]
	at org.eclipse.core.commands.Command.executeWithChecks(Command.java:494) ~[org.eclipse.core.commands_3.9.0.v20170530-1048.jar:na]
	at org.eclipse.core.commands.ParameterizedCommand.executeWithChecks(ParameterizedCommand.java:487) ~[org.eclipse.core.commands_3.9.0.v20170530-1048.jar:na]
	at org.eclipse.e4.core.commands.internal.HandlerServiceImpl.executeHandler(HandlerServiceImpl.java:210) ~[org.eclipse.e4.core.commands_0.12.100.v20170513-0428.jar:na]
	at org.eclipse.ui.internal.handlers.LegacyHandlerService.executeCommand(LegacyHandlerService.java:390) ~[org.eclipse.ui.workbench_3.110.1.v20170704-1208.jar:na]
	at org.eclipse.ui.internal.actions.CommandAction.runWithEvent(CommandAction.java:151) ~[org.eclipse.ui.workbench_3.110.1.v20170704-1208.jar:na]
	at org.eclipse.jface.action.ActionContributionItem.handleWidgetSelection(ActionContributionItem.java:565) ~[org.eclipse.jface_3.13.2.v20171022-1656.jar:na]
	at org.eclipse.jface.action.ActionContributionItem.lambda$4(ActionContributionItem.java:397) ~[org.eclipse.jface_3.13.2.v20171022-1656.jar:na]
	at org.eclipse.swt.widgets.EventTable.sendEvent(EventTable.java:86) ~[org.eclipse.swt.win32.win32.x86_64_3.106.2.v20171129-0543.jar:na]
	at org.eclipse.swt.widgets.Display.sendEvent(Display.java:4428) ~[org.eclipse.swt.win32.win32.x86_64_3.106.2.v20171129-0543.jar:na]
	at org.eclipse.swt.widgets.Widget.sendEvent(Widget.java:1079) ~[org.eclipse.swt.win32.win32.x86_64_3.106.2.v20171129-0543.jar:na]
	at org.eclipse.swt.widgets.Display.runDeferredEvents(Display.java:4238) ~[org.eclipse.swt.win32.win32.x86_64_3.106.2.v20171129-0543.jar:na]
	at org.eclipse.swt.widgets.Display.readAndDispatch(Display.java:3817) ~[org.eclipse.swt.win32.win32.x86_64_3.106.2.v20171129-0543.jar:na]
	at org.eclipse.e4.ui.internal.workbench.swt.PartRenderingEngine$5.run(PartRenderingEngine.java:1150) ~[org.eclipse.e4.ui.workbench.swt_0.14.101.v20170710-1119.jar:na]
	at org.eclipse.core.databinding.observable.Realm.runWithDefault(Realm.java:336) ~[org.eclipse.core.databinding.observable_1.6.100.v20170515-1119.jar:na]
	at org.eclipse.e4.ui.internal.workbench.swt.PartRenderingEngine.run(PartRenderingEngine.java:1039) ~[org.eclipse.e4.ui.workbench.swt_0.14.101.v20170710-1119.jar:na]
	at org.eclipse.e4.ui.internal.workbench.E4Workbench.createAndRunUI(E4Workbench.java:153) ~[org.eclipse.e4.ui.workbench_1.5.1.v20170815-1446.jar:na]
	at org.eclipse.ui.internal.Workbench.lambda$3(Workbench.java:680) ~[org.eclipse.ui.workbench_3.110.1.v20170704-1208.jar:na]
	at org.eclipse.core.databinding.observable.Realm.runWithDefault(Realm.java:336) ~[org.eclipse.core.databinding.observable_1.6.100.v20170515-1119.jar:na]
	at org.eclipse.ui.internal.Workbench.createAndRunWorkbench(Workbench.java:594) ~[org.eclipse.ui.workbench_3.110.1.v20170704-1208.jar:na]
	at org.eclipse.ui.PlatformUI.createAndRunWorkbench(PlatformUI.java:148) ~[org.eclipse.ui.workbench_3.110.1.v20170704-1208.jar:na]
	at org.eclipse.ui.internal.ide.application.IDEApplication.start(IDEApplication.java:151) ~[na:na]
	at org.eclipse.equinox.internal.app.EclipseAppHandle.run(EclipseAppHandle.java:196) ~[org.eclipse.equinox.app_1.3.400.v20150715-1528.jar:na]
	at org.eclipse.core.runtime.internal.adaptor.EclipseAppLauncher.runApplication(EclipseAppLauncher.java:134) ~[org.eclipse.osgi_3.12.50.v20170928-1321.jar:na]
	at org.eclipse.core.runtime.internal.adaptor.EclipseAppLauncher.start(EclipseAppLauncher.java:104) ~[org.eclipse.osgi_3.12.50.v20170928-1321.jar:na]
	at org.eclipse.core.runtime.adaptor.EclipseStarter.run(EclipseStarter.java:388) ~[org.eclipse.osgi_3.12.50.v20170928-1321.jar:na]
	at org.eclipse.core.runtime.adaptor.EclipseStarter.run(EclipseStarter.java:243) ~[org.eclipse.osgi_3.12.50.v20170928-1321.jar:na]
	at sun.reflect.NativeMethodAccessorImpl.invoke0(Native Method) ~[na:1.8.0_152]
	at sun.reflect.NativeMethodAccessorImpl.invoke(NativeMethodAccessorImpl.java:62) ~[na:1.8.0_152]
	at sun.reflect.DelegatingMethodAccessorImpl.invoke(DelegatingMethodAccessorImpl.java:43) ~[na:1.8.0_152]
	at java.lang.reflect.Method.invoke(Method.java:498) ~[na:1.8.0_152]
	at org.eclipse.equinox.launcher.Main.invokeFramework(Main.java:653) ~[org.eclipse.equinox.launcher_1.4.0.v20161219-1356.jar:na]
	at org.eclipse.equinox.launcher.Main.basicRun(Main.java:590) ~[org.eclipse.equinox.launcher_1.4.0.v20161219-1356.jar:na]
	at org.eclipse.equinox.launcher.Main.run(Main.java:1499) ~[org.eclipse.equinox.launcher_1.4.0.v20161219-1356.jar:na]
2017-12-28 16:40:44,537 [Worker-10] INFO  c.g.t.t.d.PublishedGradleVersions - Gradle version information cache is up-to-date. Trying to read.
2018-01-08 13:48:35,685 [Worker-4] INFO  c.g.t.t.d.PublishedGradleVersions - Gradle version information cache is out-of-date. Trying to update.
2018-01-09 13:21:04,910 [Worker-5] INFO  c.g.t.t.d.PublishedGradleVersions - Gradle version information cache is up-to-date. Trying to read.
2018-01-10 09:29:39,249 [Worker-7] INFO  c.g.t.t.d.PublishedGradleVersions - Gradle version information cache is out-of-date. Trying to update.
2018-01-12 08:38:29,782 [Worker-7] INFO  c.g.t.t.d.PublishedGradleVersions - Gradle version information cache is out-of-date. Trying to update.
2018-01-15 09:07:55,625 [Worker-1] INFO  c.g.t.t.d.PublishedGradleVersions - Gradle version information cache is out-of-date. Trying to update.
2018-01-22 10:41:13,655 [Worker-0] INFO  c.g.t.t.d.PublishedGradleVersions - Gradle version information cache is out-of-date. Trying to update.
2018-01-24 09:18:23,261 [Worker-4] INFO  c.g.t.t.d.PublishedGradleVersions - Gradle version information cache is out-of-date. Trying to update.
2018-01-24 09:18:24,960 [Worker-4] INFO  c.g.t.t.d.PublishedGradleVersions - Updating Gradle version information cache failed. Using outdated cache.
2018-01-24 14:14:06,204 [Worker-0] INFO  c.g.t.t.d.PublishedGradleVersions - Gradle version information cache is out-of-date. Trying to update.
2018-01-31 09:43:29,759 [Worker-5] INFO  c.g.t.t.d.PublishedGradleVersions - Gradle version information cache is out-of-date. Trying to update.
2018-01-31 11:56:06,791 [Worker-0] INFO  c.g.t.t.d.PublishedGradleVersions - Gradle version information cache is up-to-date. Trying to read.
2018-02-01 10:40:39,001 [Worker-0] INFO  c.g.t.t.d.PublishedGradleVersions - Gradle version information cache is out-of-date. Trying to update.
2018-02-02 09:36:03,506 [Worker-4] INFO  c.g.t.t.d.PublishedGradleVersions - Gradle version information cache is up-to-date. Trying to read.
2018-02-03 13:04:07,507 [Worker-5] INFO  c.g.t.t.d.PublishedGradleVersions - Gradle version information cache is out-of-date. Trying to update.
2018-02-05 15:08:48,280 [Worker-3] INFO  c.g.t.t.d.PublishedGradleVersions - Gradle version information cache is out-of-date. Trying to update.
2018-02-06 09:35:52,381 [Worker-1] INFO  c.g.t.t.d.PublishedGradleVersions - Gradle version information cache is up-to-date. Trying to read.
2018-02-07 10:26:10,179 [Worker-1] INFO  c.g.t.t.d.PublishedGradleVersions - Gradle version information cache is up-to-date. Trying to read.
2018-02-07 11:25:53,094 [Worker-5] INFO  c.g.t.t.d.PublishedGradleVersions - Gradle version information cache is up-to-date. Trying to read.
2018-02-07 19:30:50,394 [Worker-4] INFO  c.g.t.t.d.PublishedGradleVersions - Gradle version information cache is out-of-date. Trying to update.
2018-02-08 13:14:09,680 [Worker-6] INFO  c.g.t.t.d.PublishedGradleVersions - Gradle version information cache is up-to-date. Trying to read.
2018-02-09 19:44:13,164 [Worker-4] INFO  c.g.t.t.d.PublishedGradleVersions - Gradle version information cache is up-to-date. Trying to read.
2018-02-12 09:39:02,851 [Worker-0] INFO  c.g.t.t.d.PublishedGradleVersions - Gradle version information cache is out-of-date. Trying to update.
2018-02-12 19:46:53,525 [Worker-2] INFO  c.g.t.t.d.PublishedGradleVersions - Gradle version information cache is up-to-date. Trying to read.
2018-02-13 08:33:12,560 [Worker-0] INFO  c.g.t.t.d.PublishedGradleVersions - Gradle version information cache is up-to-date. Trying to read.
2018-02-14 08:33:11,078 [Worker-6] INFO  c.g.t.t.d.PublishedGradleVersions - Gradle version information cache is out-of-date. Trying to update.
2018-02-15 11:01:58,483 [Worker-5] INFO  c.g.t.t.d.PublishedGradleVersions - Gradle version information cache is out-of-date. Trying to update.
2018-02-15 18:03:29,744 [Worker-1] INFO  c.g.t.t.d.PublishedGradleVersions - Gradle version information cache is up-to-date. Trying to read.
2018-02-16 09:44:55,747 [Worker-1] INFO  c.g.t.t.d.PublishedGradleVersions - Gradle version information cache is up-to-date. Trying to read.
2018-02-17 13:39:42,993 [Worker-5] INFO  c.g.t.t.d.PublishedGradleVersions - Gradle version information cache is out-of-date. Trying to update.
2018-02-19 12:27:50,404 [Worker-2] INFO  c.g.t.t.d.PublishedGradleVersions - Gradle version information cache is out-of-date. Trying to update.
2018-02-20 16:55:51,332 [Worker-2] INFO  c.g.t.t.d.PublishedGradleVersions - Gradle version information cache is out-of-date. Trying to update.
2018-02-28 13:30:35,703 [Worker-6] INFO  c.g.t.t.d.PublishedGradleVersions - Gradle version information cache is out-of-date. Trying to update.
2018-03-02 16:30:01,891 [Worker-3] INFO  c.g.t.t.d.PublishedGradleVersions - Gradle version information cache is out-of-date. Trying to update.
2018-03-07 09:03:46,309 [Worker-0] INFO  c.g.t.t.d.PublishedGradleVersions - Gradle version information cache is out-of-date. Trying to update.
2018-03-08 09:16:16,461 [Worker-0] INFO  c.g.t.t.d.PublishedGradleVersions - Gradle version information cache is out-of-date. Trying to update.
2018-03-09 10:00:24,547 [Worker-3] INFO  c.g.t.t.d.PublishedGradleVersions - Gradle version information cache is out-of-date. Trying to update.
2018-03-09 10:00:40,455 [Worker-3] INFO  c.g.t.t.d.PublishedGradleVersions - Updating Gradle version information cache failed. Using outdated cache.
2018-03-10 19:54:04,963 [Worker-3] INFO  c.g.t.t.d.PublishedGradleVersions - Gradle version information cache is out-of-date. Trying to update.
2018-03-12 09:26:06,494 [Worker-5] INFO  c.g.t.t.d.PublishedGradleVersions - Gradle version information cache is out-of-date. Trying to update.
2018-03-14 11:37:35,538 [Worker-3] INFO  c.g.t.t.d.PublishedGradleVersions - Gradle version information cache is out-of-date. Trying to update.
2018-03-19 16:43:14,399 [Worker-1] INFO  c.g.t.t.d.PublishedGradleVersions - Gradle version information cache is out-of-date. Trying to update.
2018-05-19 11:02:32,285 [Worker-6] INFO  c.g.t.t.d.PublishedGradleVersions - Gradle version information cache is not available. Remote download required.
2018-05-25 14:37:01,227 [Worker-0] INFO  c.g.t.t.d.PublishedGradleVersions - Gradle version information cache is out-of-date. Trying to update.
2018-05-28 20:12:43,393 [Worker-1] INFO  c.g.t.t.d.PublishedGradleVersions - Gradle version information cache is out-of-date. Trying to update.
2018-06-22 15:48:05,498 [Worker-0] INFO  c.g.t.t.d.PublishedGradleVersions - Gradle version information cache is out-of-date. Trying to update.
2018-06-25 12:51:48,926 [Worker-0] INFO  c.g.t.t.d.PublishedGradleVersions - Gradle version information cache is out-of-date. Trying to update.
2018-07-04 10:56:47,405 [Worker-0] INFO  c.g.t.t.d.PublishedGradleVersions - Gradle version information cache is out-of-date. Trying to update.
2018-07-11 21:08:51,124 [Worker-0] INFO  c.g.t.t.d.PublishedGradleVersions - Gradle version information cache is out-of-date. Trying to update.
2018-07-24 19:10:14,820 [Worker-2] INFO  c.g.t.t.d.PublishedGradleVersions - Gradle version information cache is out-of-date. Trying to update.
2018-07-25 11:04:10,124 [Worker-5] INFO  c.g.t.t.d.PublishedGradleVersions - Gradle version information cache is up-to-date. Trying to read.
2018-08-09 15:24:33,981 [Worker-4] INFO  c.g.t.t.d.PublishedGradleVersions - Gradle version information cache is out-of-date. Trying to update.
2018-08-09 15:24:35,873 [Worker-4] INFO  c.g.t.t.d.PublishedGradleVersions - Updating Gradle version information cache failed. Using outdated cache.
2018-09-18 10:13:13,116 [Worker-2] INFO  c.g.t.t.d.PublishedGradleVersions - Gradle version information cache is out-of-date. Trying to update.
2018-09-18 10:13:14,754 [Worker-2] INFO  c.g.t.t.d.PublishedGradleVersions - Updating Gradle version information cache failed. Using outdated cache.
2018-09-20 21:26:23,930 [Worker-2] INFO  c.g.t.t.d.PublishedGradleVersions - Gradle version information cache is out-of-date. Trying to update.
2018-09-20 21:26:26,053 [Worker-2] INFO  c.g.t.t.d.PublishedGradleVersions - Updating Gradle version information cache failed. Using outdated cache.
2018-09-25 14:32:56,982 [Worker-4] INFO  c.g.t.t.d.PublishedGradleVersions - Gradle version information cache is out-of-date. Trying to update.
2018-09-25 14:32:57,337 [Worker-4] INFO  c.g.t.t.d.PublishedGradleVersions - Updating Gradle version information cache failed. Using outdated cache.
2018-09-27 16:39:56,130 [Worker-15] INFO  c.g.t.t.d.PublishedGradleVersions - Gradle version information cache is out-of-date. Trying to update.
2018-09-27 16:39:56,572 [Worker-15] INFO  c.g.t.t.d.PublishedGradleVersions - Updating Gradle version information cache failed. Using outdated cache.
2018-10-11 08:51:05,975 [Worker-0] INFO  c.g.t.t.d.PublishedGradleVersions - Gradle version information cache is out-of-date. Trying to update.
2018-10-11 08:51:08,295 [Worker-0] INFO  c.g.t.t.d.PublishedGradleVersions - Updating Gradle version information cache failed. Using outdated cache.
2018-10-22 16:15:31,551 [Worker-5] INFO  c.g.t.t.d.PublishedGradleVersions - Gradle version information cache is out-of-date. Trying to update.
2018-10-22 16:15:34,297 [Worker-5] INFO  c.g.t.t.d.PublishedGradleVersions - Updating Gradle version information cache failed. Using outdated cache.
2018-10-26 10:27:55,521 [Worker-2] INFO  c.g.t.t.d.PublishedGradleVersions - Gradle version information cache is out-of-date. Trying to update.
2018-10-26 10:27:58,429 [Worker-2] INFO  c.g.t.t.d.PublishedGradleVersions - Updating Gradle version information cache failed. Using outdated cache.
2018-10-27 09:17:09,384 [Worker-0] INFO  c.g.t.t.d.PublishedGradleVersions - Gradle version information cache is out-of-date. Trying to update.
2018-10-27 09:17:11,367 [Worker-0] INFO  c.g.t.t.d.PublishedGradleVersions - Updating Gradle version information cache failed. Using outdated cache.
2018-11-13 15:25:04,753 [Worker-1] INFO  c.g.t.t.d.PublishedGradleVersions - Gradle version information cache is out-of-date. Trying to update.
2018-11-13 15:25:06,499 [Worker-1] INFO  c.g.t.t.d.PublishedGradleVersions - Updating Gradle version information cache failed. Using outdated cache.
2018-11-19 14:44:19,157 [Worker-1] INFO  c.g.t.t.d.PublishedGradleVersions - Gradle version information cache is out-of-date. Trying to update.
2018-11-19 14:44:21,847 [Worker-1] INFO  c.g.t.t.d.PublishedGradleVersions - Updating Gradle version information cache failed. Using outdated cache.
2018-12-18 08:28:11,961 [Worker-6] INFO  c.g.t.t.d.PublishedGradleVersions - Gradle version information cache is out-of-date. Trying to update.
2018-12-18 08:28:13,954 [Worker-6] INFO  c.g.t.t.d.PublishedGradleVersions - Updating Gradle version information cache failed. Using outdated cache.
2018-12-19 14:19:21,089 [Worker-3] INFO  c.g.t.t.d.PublishedGradleVersions - Gradle version information cache is out-of-date. Trying to update.
2018-12-19 14:19:22,534 [Worker-3] INFO  c.g.t.t.d.PublishedGradleVersions - Updating Gradle version information cache failed. Using outdated cache.
